


ARM Macro Assembler    Page 1 


    1 00000000                 AREA             RESET, DATA, READONLY
    2 00000000                 EXPORT           __Vectors
    3 00000000         __Vectors
    4 00000000 40001000        DCD              0x40001000
    5 00000004 00000000        DCD              Reset_Handler
    6 00000008                 ALIGN
    7 00000008                 AREA             mycode, CODE, READONLY
    8 00000000                 ENTRY
    9 00000000                 EXPORT           Reset_Handler
   10 00000000         Reset_Handler
   11 00000000 480F            LDR              R0,=N1
   12 00000002 4910            LDR              R1,=N2
   13 00000004 4B10            LDR              R3,=RES
   14 00000006 F04F 0404       MOV              R4,#4
   15 0000000A F850 5B04 
                       up      LDR              R5,[R0],#4
   16 0000000E F851 6B04       LDR              R6,[R1],#4
   17 00000012 EB55 0706       ADCS             R7,R5,R6
   18 00000016 F843 7B04       STR              R7,[R3],#4
   19 0000001A F1A4 0401       SUB              R4,#1
   20 0000001E F094 0F00       TEQ              R4,#0
   21 00000022 D1F2            BNE              up
   22 00000024         
   23 00000024 F148 0800       ADC              R8,#0
   24 00000028 F8C3 8000       STR              R8,[R3]
   25 0000002C         
   26 0000002C E7FE    STOP    B                STOP
   27 0000002E 00 00 12345678 
              11111111 N1      DCD              0x12345678,0x11111111
   28 00000038 22222222 
              55555555 N2      DCD              0x22222222,0x55555555
   29 00000040 00000000 
              00000000 
              00000000         AREA             data, DATA, READWRITE
   30 00000000 00000000 
              00000000 
              00000000 RES     DCD              0,0,0
   31 0000000C                 END
Command Line: --debug --xref --cpu=Cortex-M3 --apcs=interwork --depend=.\addq2.
d -o.\addq2.o -IC:\Keil\ARM\RV31\INC -IC:\Keil\ARM\CMSIS\Include -IC:\Keil\ARM\
Inc\NXP\LPC17xx --predefine="__EVAL SETA 1" --list=.\addq2.lst "..\Lab 1\addq2.
asm"



ARM Macro Assembler    Page 1 Alphabetic symbol ordering
Relocatable symbols

RESET 00000000

Symbol: RESET
   Definitions
      At line 1 in file ..\Lab
   Uses
      None
Comment: RESET unused
__Vectors 00000000

Symbol: __Vectors
   Definitions
      At line 3 in file ..\Lab
   Uses
      At line 2 in file ..\Lab
Comment: __Vectors used once
2 symbols



ARM Macro Assembler    Page 1 Alphabetic symbol ordering
Relocatable symbols

N1 00000030

Symbol: N1
   Definitions
      At line 27 in file ..\Lab
   Uses
      At line 11 in file ..\Lab
Comment: N1 used once
N2 00000038

Symbol: N2
   Definitions
      At line 28 in file ..\Lab
   Uses
      At line 12 in file ..\Lab
Comment: N2 used once
Reset_Handler 00000000

Symbol: Reset_Handler
   Definitions
      At line 10 in file ..\Lab
   Uses
      At line 5 in file ..\Lab
      At line 9 in file ..\Lab

STOP 0000002C

Symbol: STOP
   Definitions
      At line 26 in file ..\Lab
   Uses
      At line 26 in file ..\Lab
Comment: STOP used once
mycode 00000000

Symbol: mycode
   Definitions
      At line 7 in file ..\Lab
   Uses
      None
Comment: mycode unused
up 0000000A

Symbol: up
   Definitions
      At line 15 in file ..\Lab
   Uses
      At line 21 in file ..\Lab
Comment: up used once
6 symbols



ARM Macro Assembler    Page 1 Alphabetic symbol ordering
Relocatable symbols

RES 00000000

Symbol: RES
   Definitions
      At line 30 in file ..\Lab
   Uses
      At line 13 in file ..\Lab
Comment: RES used once
data 00000000

Symbol: data
   Definitions
      At line 29 in file ..\Lab
   Uses
      None
Comment: data unused
2 symbols
343 symbols in table
