


ARM Macro Assembler    Page 1 


    1 00000000                 AREA             RESET, DATA, READONLY
    2 00000000                 EXPORT           __Vectors
    3 00000000         __Vectors
    4 00000000 40001000        DCD              0x40001000
    5 00000004 00000000        DCD              Reset_Handler
    6 00000008                 ALIGN
    7 00000008                 AREA             mycode, CODE, READONLY
    8 00000000                 ENTRY
    9 00000000                 EXPORT           Reset_Handler
   10 00000000         Reset_Handler
   11 00000000 4805            LDR              R0, =VALUE1
   12 00000002 6801            LDR              R1,[R0]
   13 00000004 4805            LDR              R0,=VALUE2
   14 00000006 6803            LDR              R3, [R0]
   15 00000008 18CE            ADDS             R6, R1,R3
   16 0000000A 4A05            LDR              R2, =RESULT
   17 0000000C 6016            STR              R6,[R2]
   18 0000000E E7FE    STOP    B                STOP
   19 00000010 12345678 
                       VALUE1  DCD              0X12345678
   20 00000014 ABCDEF12 
                       VALUE2  DCD              0XABCDEF12
   21 00000018 00000000 
              00000000 
              00000000         AREA             data, DATA, READWRITE
   22 00000000 00000000 
                       RESULT  DCD              0
                       
Command Line: --debug --xref --cpu=Cortex-M3 --apcs=interwork --depend=.\addq12
.d -o.\addq12.o -IC:\Keil\ARM\RV31\INC -IC:\Keil\ARM\CMSIS\Include -IC:\Keil\AR
M\Inc\NXP\LPC17xx --predefine="__EVAL SETA 1" --list=.\addq12.lst "..\Lab 1\add
q12.asm"



ARM Macro Assembler    Page 1 Alphabetic symbol ordering
Relocatable symbols

RESET 00000000

Symbol: RESET
   Definitions
      At line 1 in file ..\Lab
   Uses
      None
Comment: RESET unused
__Vectors 00000000

Symbol: __Vectors
   Definitions
      At line 3 in file ..\Lab
   Uses
      At line 2 in file ..\Lab
Comment: __Vectors used once
2 symbols



ARM Macro Assembler    Page 1 Alphabetic symbol ordering
Relocatable symbols

Reset_Handler 00000000

Symbol: Reset_Handler
   Definitions
      At line 10 in file ..\Lab
   Uses
      At line 5 in file ..\Lab
      At line 9 in file ..\Lab

STOP 0000000E

Symbol: STOP
   Definitions
      At line 18 in file ..\Lab
   Uses
      At line 18 in file ..\Lab
Comment: STOP used once
VALUE1 00000010

Symbol: VALUE1
   Definitions
      At line 19 in file ..\Lab
   Uses
      At line 11 in file ..\Lab
Comment: VALUE1 used once
VALUE2 00000014

Symbol: VALUE2
   Definitions
      At line 20 in file ..\Lab
   Uses
      At line 13 in file ..\Lab
Comment: VALUE2 used once
mycode 00000000

Symbol: mycode
   Definitions
      At line 7 in file ..\Lab
   Uses
      None
Comment: mycode unused
5 symbols



ARM Macro Assembler    Page 1 Alphabetic symbol ordering
Relocatable symbols

RESULT 00000000

Symbol: RESULT
   Definitions
      At line 22 in file ..\Lab
   Uses
      At line 16 in file ..\Lab
Comment: RESULT used once
data 00000000

Symbol: data
   Definitions
      At line 21 in file ..\Lab
   Uses
      None
Comment: data unused
2 symbols
342 symbols in table
