


ARM Macro Assembler    Page 1 


    1 00000000                 AREA             RESET, DATA, READONLY
    2 00000000                 EXPORT           __Vectors
    3 00000000         __Vectors
    4 00000000 40001000        DCD              0x40001000
    5 00000004 00000000        DCD              Reset_Handler
    6 00000008                 ALIGN
    7 00000008                 AREA             mycode, CODE, READONLY
    8 00000000                 ENTRY
    9 00000000                 EXPORT           Reset_Handler
   10 00000000         Reset_Handler
   11 00000000 4802            LDR              R0, =0xF1111111
   12 00000002 4902            LDR              R1, =0xF1111111
   13 00000004 1842            ADDS             R2,R0,R1
   14 00000006 6813            LDR              R3,[R2]
   15 00000008 E7FE    STOP    B                STOP
   16 0000000A 00 00 F1111111  AREA             data, DATA, READWRITE
   17 00000000                 END
Command Line: --debug --xref --cpu=Cortex-M3 --apcs=interwork --depend=.\addq1.
d -o.\addq1.o -IC:\Keil\ARM\RV31\INC -IC:\Keil\ARM\CMSIS\Include -IC:\Keil\ARM\
Inc\NXP\LPC17xx --predefine="__EVAL SETA 1" --list=.\addq1.lst "..\Lab 1\addq1.
asm"



ARM Macro Assembler    Page 1 Alphabetic symbol ordering
Relocatable symbols

RESET 00000000

Symbol: RESET
   Definitions
      At line 1 in file ..\Lab
   Uses
      None
Comment: RESET unused
__Vectors 00000000

Symbol: __Vectors
   Definitions
      At line 3 in file ..\Lab
   Uses
      At line 2 in file ..\Lab
Comment: __Vectors used once
2 symbols



ARM Macro Assembler    Page 1 Alphabetic symbol ordering
Relocatable symbols

Reset_Handler 00000000

Symbol: Reset_Handler
   Definitions
      At line 10 in file ..\Lab
   Uses
      At line 5 in file ..\Lab
      At line 9 in file ..\Lab

STOP 00000008

Symbol: STOP
   Definitions
      At line 15 in file ..\Lab
   Uses
      At line 15 in file ..\Lab
Comment: STOP used once
mycode 00000000

Symbol: mycode
   Definitions
      At line 7 in file ..\Lab
   Uses
      None
Comment: mycode unused
3 symbols



ARM Macro Assembler    Page 1 Alphabetic symbol ordering
Relocatable symbols

data 00000000

Symbol: data
   Definitions
      At line 16 in file ..\Lab
   Uses
      None
Comment: data unused
1 symbol
339 symbols in table
