


ARM Macro Assembler    Page 1 


    1 00000000                 AREA             RESET, DATA, READONLY
    2 00000000                 EXPORT           __Vectors
    3 00000000         __Vectors
    4 00000000 40001000        DCD              0x40001000
    5 00000004 00000000        DCD              Reset_Handler
    6 00000008                 ALIGN
    7 00000008                 AREA             mycode, CODE, READONLY
    8 00000000                 ENTRY
    9 00000000                 EXPORT           Reset_Handler
   10 00000000         Reset_Handler
   11 00000000 4805            LDR              R0, =N
   12 00000002 6801            LDR              R1,[R0]
   13 00000004 FB01 1301       MLA              R3,R1,R1,R1
   14 00000008 EA4F 0353       LSR              R3,#1
   15 0000000C 4A03            LDR              R2, =SUM
   16 0000000E 6013            STR              R3,[R2]
   17 00000010         
   18 00000010 E7FE    STOP    B                STOP
   19 00000012 00 00 00000004 
                       N       DCD              4
   20 00000018 00000000 
              00000000         AREA             data, DATA, READWRITE
   21 00000000 00000000 
                       SUM     DCD              0
   22 00000004                 END
Command Line: --debug --xref --cpu=Cortex-M3 --apcs=interwork --depend=q1.d -oq
1.o -IC:\Keil\ARM\RV31\INC -IC:\Keil\ARM\CMSIS\Include -IC:\Keil\ARM\Inc\NXP\LP
C17xx --predefine="__EVAL SETA 1" --list=q1.lst q1.asm



ARM Macro Assembler    Page 1 Alphabetic symbol ordering
Relocatable symbols

RESET 00000000

Symbol: RESET
   Definitions
      At line 1 in file q1.asm
   Uses
      None
Comment: RESET unused
__Vectors 00000000

Symbol: __Vectors
   Definitions
      At line 3 in file q1.asm
   Uses
      At line 2 in file q1.asm
Comment: __Vectors used once
2 symbols



ARM Macro Assembler    Page 1 Alphabetic symbol ordering
Relocatable symbols

N 00000014

Symbol: N
   Definitions
      At line 19 in file q1.asm
   Uses
      At line 11 in file q1.asm
Comment: N used once
Reset_Handler 00000000

Symbol: Reset_Handler
   Definitions
      At line 10 in file q1.asm
   Uses
      At line 5 in file q1.asm
      At line 9 in file q1.asm

STOP 00000010

Symbol: STOP
   Definitions
      At line 18 in file q1.asm
   Uses
      At line 18 in file q1.asm
Comment: STOP used once
mycode 00000000

Symbol: mycode
   Definitions
      At line 7 in file q1.asm
   Uses
      None
Comment: mycode unused
4 symbols



ARM Macro Assembler    Page 1 Alphabetic symbol ordering
Relocatable symbols

SUM 00000000

Symbol: SUM
   Definitions
      At line 21 in file q1.asm
   Uses
      At line 15 in file q1.asm
Comment: SUM used once
data 00000000

Symbol: data
   Definitions
      At line 20 in file q1.asm
   Uses
      None
Comment: data unused
2 symbols
341 symbols in table
