


ARM Macro Assembler    Page 1 


    1 00000000                 AREA             RESET, DATA, READONLY
    2 00000000                 EXPORT           __Vectors
    3 00000000         __Vectors
    4 00000000 40001000        DCD              0x40001000
    5 00000004 00000000        DCD              Reset_Handler
    6 00000008                 ALIGN
    7 00000008                 AREA             mycode, CODE, READONLY
    8 00000000                 ENTRY
    9 00000000                 EXPORT           Reset_Handler
   10 00000000         Reset_Handler
   11 00000000 4814            LDR              R0,=N1
   12 00000002 6801            LDR              R1,[R0]
   13 00000004 4B14            LDR              R3,=N2
   14 00000006 681A            LDR              R2,[R3]
   15 00000008 F8DF 9050       LDR              R9,=N3
   16 0000000C F8D9 8000       LDR              R8,[R9]
   17 00000010 F000 F810 
                       LOOP    BL               DIV
   18 00000014 6801            LDR              R1,[R0]
   19 00000016 6817            LDR              R7,[R2]
   20 00000018 F04F 0401       MOV              R4, #1
   21 0000001C FB04 F507       MUL              R5,R4,R7
   22 00000020 D002            BEQ              EX
   23 00000022         
   24 00000022 F104 0401       ADD              R4,#1
   25 00000026 E7F3            B                LOOP
   26 00000028         
   27 00000028         EX
   28 00000028 FB04 FA01       MUL              R10,R4,R1
   29 0000002C 4B0C            LDR              R3,=LCM
   30 0000002E F8C3 A000       STR              R10,[R3]
   31 00000032         
   32 00000032 E7FE    STOP    B                STOP
   33 00000034         DIV
   34 00000034 428A    UP      CMP              R2,R1
   35 00000036 D304            BCC              EXIT
   36 00000038         
   37 00000038 F108 0801       ADD              R8,#1
   38 0000003C EBA2 0201       SUB              R2,R1
   39 00000040 E7F8            B                UP
   40 00000042         
   41 00000042         EXIT
   42 00000042 4E08            LDR              R6,=REM
   43 00000044 6032            STR              R2,[R6]
   44 00000046 4770            BX               LR
   45 00000048 00000009 
                       N1      DCD              9
   46 0000004C 0000002B 
                       N2      DCD              43
   47 00000050 00000000 
                       N3      DCD              0
   48 00000054 00000000 
              00000000 
              00000000 
              00000000 
              00000000         AREA             data,DATA,READWRITE
   49 00000000 00000000 
                       LCM     DCD              0
   50 00000004 00000000 



ARM Macro Assembler    Page 2 


                       REM     DCD              0
   51 00000008                 END
Command Line: --debug --xref --cpu=Cortex-M3 --apcs=interwork --depend=q3.d -oq
3.o -IC:\Keil\ARM\RV31\INC -IC:\Keil\ARM\CMSIS\Include -IC:\Keil\ARM\Inc\NXP\LP
C17xx --predefine="__EVAL SETA 1" --list=q3.lst q3.asm



ARM Macro Assembler    Page 1 Alphabetic symbol ordering
Relocatable symbols

RESET 00000000

Symbol: RESET
   Definitions
      At line 1 in file q3.asm
   Uses
      None
Comment: RESET unused
__Vectors 00000000

Symbol: __Vectors
   Definitions
      At line 3 in file q3.asm
   Uses
      At line 2 in file q3.asm
Comment: __Vectors used once
2 symbols



ARM Macro Assembler    Page 1 Alphabetic symbol ordering
Relocatable symbols

DIV 00000034

Symbol: DIV
   Definitions
      At line 33 in file q3.asm
   Uses
      At line 17 in file q3.asm
Comment: DIV used once
EX 00000028

Symbol: EX
   Definitions
      At line 27 in file q3.asm
   Uses
      At line 22 in file q3.asm
Comment: EX used once
EXIT 00000042

Symbol: EXIT
   Definitions
      At line 41 in file q3.asm
   Uses
      At line 35 in file q3.asm
Comment: EXIT used once
LOOP 00000010

Symbol: LOOP
   Definitions
      At line 17 in file q3.asm
   Uses
      At line 25 in file q3.asm
Comment: LOOP used once
N1 00000048

Symbol: N1
   Definitions
      At line 45 in file q3.asm
   Uses
      At line 11 in file q3.asm
Comment: N1 used once
N2 0000004C

Symbol: N2
   Definitions
      At line 46 in file q3.asm
   Uses
      At line 13 in file q3.asm
Comment: N2 used once
N3 00000050

Symbol: N3
   Definitions
      At line 47 in file q3.asm
   Uses
      At line 15 in file q3.asm
Comment: N3 used once
Reset_Handler 00000000

Symbol: Reset_Handler



ARM Macro Assembler    Page 2 Alphabetic symbol ordering
Relocatable symbols

   Definitions
      At line 10 in file q3.asm
   Uses
      At line 5 in file q3.asm
      At line 9 in file q3.asm

STOP 00000032

Symbol: STOP
   Definitions
      At line 32 in file q3.asm
   Uses
      At line 32 in file q3.asm
Comment: STOP used once
UP 00000034

Symbol: UP
   Definitions
      At line 34 in file q3.asm
   Uses
      At line 39 in file q3.asm
Comment: UP used once
mycode 00000000

Symbol: mycode
   Definitions
      At line 7 in file q3.asm
   Uses
      None
Comment: mycode unused
11 symbols



ARM Macro Assembler    Page 1 Alphabetic symbol ordering
Relocatable symbols

LCM 00000000

Symbol: LCM
   Definitions
      At line 49 in file q3.asm
   Uses
      At line 29 in file q3.asm
Comment: LCM used once
REM 00000004

Symbol: REM
   Definitions
      At line 50 in file q3.asm
   Uses
      At line 42 in file q3.asm
Comment: REM used once
data 00000000

Symbol: data
   Definitions
      At line 48 in file q3.asm
   Uses
      None
Comment: data unused
3 symbols
349 symbols in table
